<?xml version="1.0" encoding="UTF-8"?>
<testsuite xmlns:xsi="http://www.w3.org/2001/XMLSchema-instance" xsi:noNamespaceSchemaLocation="https://maven.apache.org/surefire/maven-surefire-plugin/xsd/surefire-test-report.xsd" name="HashMethodesTest" time="0.018" tests="1" errors="0" skipped="0" failures="1">
  <properties>
[...]
</properties>
  <testcase name="testHash4" classname="HashMethodesTest" time="0.015">
    <failure message="expected: &lt;231541446&gt; but was: &lt;8636966&gt;" type="org.opentest4j.AssertionFailedError"><![CDATA[org.opentest4j.AssertionFailedError: expected: <231541446> but was: <8636966>
	at HashMethodesTest.testHash4(HashMethodesTest.java:70)
]]></failure>
    <system-out><![CDATA[hash4
18
1863
186362
8636258
3625863
2586369
8636966
]]></system-out>
  </testcase>
</testsuite>